This file contains any messages produced by compilers while
running configure, to aid debugging if configure makes a mistake.

It was created by lualb configure 0.1.1, which was
generated by GNU Autoconf 2.69.  Invocation command line was

  $ ./configure --with-hdf5=/cygdrive/c/hdf5 --with-lua5=/usr/local --prefix=/cygdrive/c/lualb --enable-rgb=no CC=/cygdrive/c/hdf5/bin/h5cc --no-create --no-recursion

## --------- ##
## Platform. ##
## --------- ##

hostname = SGULO_ST
uname -m = i686
uname -r = 2.1.0(0.287/5/3)
uname -s = CYGWIN_NT-6.1
uname -v = 2015-07-14 21:26

/usr/bin/uname -p = unknown
/bin/uname -X     = unknown

/bin/arch              = i686
/usr/bin/arch -k       = unknown
/usr/convex/getsysinfo = unknown
/usr/bin/hostinfo      = unknown
/bin/machine           = unknown
/usr/bin/oslevel       = unknown
/bin/universe          = unknown

PATH: /usr/local/bin
PATH: /usr/bin
PATH: /cygdrive/c/ProgramData/Oracle/Java/javapath
PATH: /cygdrive/c/Program Files/Java/jdk1.8.0_45/bin
PATH: /cygdrive/c/Windows/system32
PATH: /cygdrive/c/Windows
PATH: /cygdrive/c/Windows/System32/Wbem
PATH: /cygdrive/c/Windows/System32/WindowsPowerShell/v1.0
PATH: /usr/bin
PATH: /cygdrive/c/apache-ant-1.9.6/bin
PATH: /cygdrive/c/Python27
PATH: /home/Sederhana Gulo/projects/cocos2dx/tools/cocos2d-console/bin


## ----------- ##
## Core tests. ##
## ----------- ##

configure:2211: checking for a BSD-compatible install
configure:2279: result: /usr/bin/install -c
configure:2290: checking whether build environment is sane
configure:2327: result: yes
configure:2348: WARNING: `missing' script is too old or missing
configure:2454: checking for a thread-safe mkdir -p
configure:2493: result: /usr/bin/mkdir -p
configure:2506: checking for gawk
configure:2522: found /usr/bin/gawk
configure:2533: result: gawk
configure:2544: checking whether make sets $(MAKE)
configure:2566: result: yes
configure:2646: checking whether to enable maintainer-specific portions of Makefiles
configure:2655: result: no
configure:2717: checking for gcc
configure:2744: result: /cygdrive/c/hdf5/bin/h5cc
configure:2973: checking for C compiler version
configure:2982: /cygdrive/c/hdf5/bin/h5cc --version >&5
gcc (GCC) 4.9.3
Copyright (C) 2015 Free Software Foundation, Inc.
This is free software; see the source for copying conditions.  There is NO
warranty; not even for MERCHANTABILITY or FITNESS FOR A PARTICULAR PURPOSE.

configure:2993: $? = 0
configure:2982: /cygdrive/c/hdf5/bin/h5cc -v >&5
Using built-in specs.
COLLECT_GCC=gcc
COLLECT_LTO_WRAPPER=/usr/lib/gcc/i686-pc-cygwin/4.9.3/lto-wrapper.exe
Target: i686-pc-cygwin
Configured with: /cygdrive/i/szsz/tmpp/gcc/gcc-4.9.3-1.i686/src/gcc-4.9.3/configure --srcdir=/cygdrive/i/szsz/tmpp/gcc/gcc-4.9.3-1.i686/src/gcc-4.9.3 --prefix=/usr --exec-prefix=/usr --localstatedir=/var --sysconfdir=/etc --docdir=/usr/share/doc/gcc --htmldir=/usr/share/doc/gcc/html -C --build=i686-pc-cygwin --host=i686-pc-cygwin --target=i686-pc-cygwin --without-libiconv-prefix --without-libintl-prefix --libexecdir=/usr/lib --enable-shared --enable-shared-libgcc --enable-static --enable-version-specific-runtime-libs --enable-bootstrap --enable-__cxa_atexit --with-dwarf2 --with-arch=i686 --with-tune=generic --disable-sjlj-exceptions --enable-languages=ada,c,c++,fortran,java,lto,objc,obj-c++ --enable-graphite --enable-threads=posix --enable-libatomic --enable-libgomp --disable-libitm --enable-libquadmath --enable-libquadmath-support --enable-libssp --enable-libada --enable-libjava --enable-libgcj-sublibs --disable-java-awt --disable-symvers --with-ecj-jar=/usr/share/java/ecj.jar --with-gnu-ld --with-gnu-as --with-cloog-include=/usr/include/cloog-isl --without-libiconv-prefix --without-libintl-prefix --with-system-zlib --enable-linker-build-id
Thread model: posix
gcc version 4.9.3 (GCC) 
COMPILER_PATH=/usr/lib/gcc/i686-pc-cygwin/4.9.3/:/usr/lib/gcc/i686-pc-cygwin/4.9.3/:/usr/lib/gcc/i686-pc-cygwin/:/usr/lib/gcc/i686-pc-cygwin/4.9.3/:/usr/lib/gcc/i686-pc-cygwin/:/usr/lib/gcc/i686-pc-cygwin/4.9.3/../../../../i686-pc-cygwin/bin/
LIBRARY_PATH=/usr/lib/gcc/i686-pc-cygwin/4.9.3/:/usr/lib/gcc/i686-pc-cygwin/4.9.3/../../../../i686-pc-cygwin/lib/:/usr/lib/gcc/i686-pc-cygwin/4.9.3/../../../:/lib/:/usr/lib/
COLLECT_GCC_OPTIONS='-I' '/usr/include' '-I' '/cygdrive/c/szip/include' '-I' '/usr/include' '-v' '-L/cygdrive/c/hdf5/lib' '-L/usr/lib' '-L/cygdrive/c/szip/lib' '-L/usr/lib' '-mtune=generic' '-march=i686'
... rest of stderr output deleted ...
configure:2993: $? = 1
configure:2982: /cygdrive/c/hdf5/bin/h5cc -V >&5
gcc: error: unrecognized command line option '-V'
configure:2993: $? = 1
configure:2982: /cygdrive/c/hdf5/bin/h5cc -qversion >&5
gcc: error: unrecognized command line option '-qversion'
configure:2993: $? = 1
configure:3013: checking whether the C compiler works
configure:3035: /cygdrive/c/hdf5/bin/h5cc    conftest.c  >&5
configure:3039: $? = 0
configure:3087: result: yes
configure:3090: checking for C compiler default output file name
configure:3092: result: a.exe
configure:3098: checking for suffix of executables
configure:3105: /cygdrive/c/hdf5/bin/h5cc -o conftest.exe    conftest.c  >&5
configure:3109: $? = 0
configure:3131: result: .exe
configure:3153: checking whether we are cross compiling
configure:3161: /cygdrive/c/hdf5/bin/h5cc -o conftest.exe    conftest.c  >&5
configure:3165: $? = 0
configure:3172: ./conftest.exe
configure:3176: $? = 0
configure:3191: result: no
configure:3196: checking for suffix of object files
configure:3218: /cygdrive/c/hdf5/bin/h5cc -c   conftest.c >&5
configure:3222: $? = 0
configure:3243: result: o
configure:3247: checking whether we are using the GNU C compiler
configure:3266: /cygdrive/c/hdf5/bin/h5cc -c   conftest.c >&5
configure:3266: $? = 0
configure:3275: result: yes
configure:3284: checking whether /cygdrive/c/hdf5/bin/h5cc accepts -g
configure:3304: /cygdrive/c/hdf5/bin/h5cc -c -g  conftest.c >&5
configure:3304: $? = 0
configure:3345: result: yes
configure:3362: checking for /cygdrive/c/hdf5/bin/h5cc option to accept ISO C89
configure:3425: /cygdrive/c/hdf5/bin/h5cc  -c -g -O2  conftest.c >&5
configure:3425: $? = 0
configure:3438: result: none needed
configure:3469: checking for style of include used by make
configure:3497: result: GNU
configure:3522: checking dependency style of /cygdrive/c/hdf5/bin/h5cc
configure:3632: result: gcc3
configure:3650: checking whether make sets $(MAKE)
configure:3672: result: yes
configure:3724: checking for ranlib
configure:3740: found /usr/bin/ranlib
configure:3751: result: ranlib
configure:3804: checking how to run the C preprocessor
configure:3835: /cygdrive/c/hdf5/bin/h5cc -E  conftest.c
configure:3835: $? = 0
configure:3849: /cygdrive/c/hdf5/bin/h5cc -E  conftest.c
conftest.c:11:28: fatal error: ac_nonexistent.h: No such file or directory
 #include <ac_nonexistent.h>
                            ^
compilation terminated.
configure:3849: $? = 1
configure: failed program was:
| /* confdefs.h */
| #define PACKAGE_NAME "lualb"
| #define PACKAGE_TARNAME "lualb"
| #define PACKAGE_VERSION "0.1.1"
| #define PACKAGE_STRING "lualb 0.1.1"
| #define PACKAGE_BUGREPORT "admin@x-coder.mobi"
| #define PACKAGE_URL ""
| #define PACKAGE "lualb"
| #define VERSION "0.1.1"
| /* end confdefs.h.  */
| #include <ac_nonexistent.h>
configure:3874: result: /cygdrive/c/hdf5/bin/h5cc -E
configure:3894: /cygdrive/c/hdf5/bin/h5cc -E  conftest.c
configure:3894: $? = 0
configure:3908: /cygdrive/c/hdf5/bin/h5cc -E  conftest.c
conftest.c:11:28: fatal error: ac_nonexistent.h: No such file or directory
 #include <ac_nonexistent.h>
                            ^
compilation terminated.
configure:3908: $? = 1
configure: failed program was:
| /* confdefs.h */
| #define PACKAGE_NAME "lualb"
| #define PACKAGE_TARNAME "lualb"
| #define PACKAGE_VERSION "0.1.1"
| #define PACKAGE_STRING "lualb 0.1.1"
| #define PACKAGE_BUGREPORT "admin@x-coder.mobi"
| #define PACKAGE_URL ""
| #define PACKAGE "lualb"
| #define VERSION "0.1.1"
| /* end confdefs.h.  */
| #include <ac_nonexistent.h>
configure:3937: checking for grep that handles long lines and -e
configure:3995: result: /usr/bin/grep
configure:4000: checking for egrep
configure:4062: result: /usr/bin/grep -E
configure:4067: checking for ANSI C header files
configure:4087: /cygdrive/c/hdf5/bin/h5cc -c -g -O2 -Wall -Werror-implicit-function-declaration -Wstrict-prototypes -Wmissing-prototypes -Wmissing-declarations  conftest.c >&5
conftest.c:17:1: warning: function declaration isn't a prototype [-Wstrict-prototypes]
 main ()
 ^
configure:4087: $? = 0
configure:4160: /cygdrive/c/hdf5/bin/h5cc -o conftest.exe -g -O2 -Wall -Werror-implicit-function-declaration -Wstrict-prototypes -Wmissing-prototypes -Wmissing-declarations   conftest.c  >&5
conftest.c:23:1: warning: function declaration isn't a prototype [-Wstrict-prototypes]
 main ()
 ^
configure:4160: $? = 0
configure:4160: ./conftest.exe
configure:4160: $? = 0
configure:4171: result: yes
configure:4180: checking for an ANSI C-conforming const
configure:4246: /cygdrive/c/hdf5/bin/h5cc -c -g -O2 -Wall -Werror-implicit-function-declaration -Wstrict-prototypes -Wmissing-prototypes -Wmissing-declarations  conftest.c >&5
conftest.c:14:1: warning: function declaration isn't a prototype [-Wstrict-prototypes]
 main ()
 ^
configure:4246: $? = 0
configure:4253: result: yes
configure:4261: checking for inline
configure:4277: /cygdrive/c/hdf5/bin/h5cc -c -g -O2 -Wall -Werror-implicit-function-declaration -Wstrict-prototypes -Wmissing-prototypes -Wmissing-declarations  conftest.c >&5
conftest.c:14:21: warning: function declaration isn't a prototype [-Wstrict-prototypes]
 static inline foo_t static_foo () {return 0; }
                     ^
conftest.c:15:14: warning: function declaration isn't a prototype [-Wstrict-prototypes]
 inline foo_t foo () {return 0; }
              ^
configure:4277: $? = 0
configure:4285: result: inline
configure:4365: checking for sys/types.h
configure:4365: /cygdrive/c/hdf5/bin/h5cc -c -g -O2 -Wall -Werror-implicit-function-declaration -Wstrict-prototypes -Wmissing-prototypes -Wmissing-declarations  -I/cygdrive/c/hdf5/include conftest.c >&5
configure:4365: $? = 0
configure:4365: result: yes
configure:4365: checking for sys/stat.h
configure:4365: /cygdrive/c/hdf5/bin/h5cc -c -g -O2 -Wall -Werror-implicit-function-declaration -Wstrict-prototypes -Wmissing-prototypes -Wmissing-declarations  -I/cygdrive/c/hdf5/include conftest.c >&5
configure:4365: $? = 0
configure:4365: result: yes
configure:4365: checking for stdlib.h
configure:4365: /cygdrive/c/hdf5/bin/h5cc -c -g -O2 -Wall -Werror-implicit-function-declaration -Wstrict-prototypes -Wmissing-prototypes -Wmissing-declarations  -I/cygdrive/c/hdf5/include conftest.c >&5
configure:4365: $? = 0
configure:4365: result: yes
configure:4365: checking for string.h
configure:4365: /cygdrive/c/hdf5/bin/h5cc -c -g -O2 -Wall -Werror-implicit-function-declaration -Wstrict-prototypes -Wmissing-prototypes -Wmissing-declarations  -I/cygdrive/c/hdf5/include conftest.c >&5
configure:4365: $? = 0
configure:4365: result: yes
configure:4365: checking for memory.h
configure:4365: /cygdrive/c/hdf5/bin/h5cc -c -g -O2 -Wall -Werror-implicit-function-declaration -Wstrict-prototypes -Wmissing-prototypes -Wmissing-declarations  -I/cygdrive/c/hdf5/include conftest.c >&5
configure:4365: $? = 0
configure:4365: result: yes
configure:4365: checking for strings.h
configure:4365: /cygdrive/c/hdf5/bin/h5cc -c -g -O2 -Wall -Werror-implicit-function-declaration -Wstrict-prototypes -Wmissing-prototypes -Wmissing-declarations  -I/cygdrive/c/hdf5/include conftest.c >&5
configure:4365: $? = 0
configure:4365: result: yes
configure:4365: checking for inttypes.h
configure:4365: /cygdrive/c/hdf5/bin/h5cc -c -g -O2 -Wall -Werror-implicit-function-declaration -Wstrict-prototypes -Wmissing-prototypes -Wmissing-declarations  -I/cygdrive/c/hdf5/include conftest.c >&5
configure:4365: $? = 0
configure:4365: result: yes
configure:4365: checking for stdint.h
configure:4365: /cygdrive/c/hdf5/bin/h5cc -c -g -O2 -Wall -Werror-implicit-function-declaration -Wstrict-prototypes -Wmissing-prototypes -Wmissing-declarations  -I/cygdrive/c/hdf5/include conftest.c >&5
configure:4365: $? = 0
configure:4365: result: yes
configure:4365: checking for unistd.h
configure:4365: /cygdrive/c/hdf5/bin/h5cc -c -g -O2 -Wall -Werror-implicit-function-declaration -Wstrict-prototypes -Wmissing-prototypes -Wmissing-declarations  -I/cygdrive/c/hdf5/include conftest.c >&5
configure:4365: $? = 0
configure:4365: result: yes
configure:4377: checking hdf5.h usability
configure:4377: /cygdrive/c/hdf5/bin/h5cc -c -g -O2 -Wall -Werror-implicit-function-declaration -Wstrict-prototypes -Wmissing-prototypes -Wmissing-declarations  -I/cygdrive/c/hdf5/include conftest.c >&5
configure:4377: $? = 0
configure:4377: result: yes
configure:4377: checking hdf5.h presence
configure:4377: /cygdrive/c/hdf5/bin/h5cc -E  -I/cygdrive/c/hdf5/include conftest.c
configure:4377: $? = 0
configure:4377: result: yes
configure:4377: checking for hdf5.h
configure:4377: result: yes
configure:4391: checking for HDF5 libraries
configure:4407: /cygdrive/c/hdf5/bin/h5cc -o conftest.exe -g -O2 -Wall -Werror-implicit-function-declaration -Wstrict-prototypes -Wmissing-prototypes -Wmissing-declarations  -I/cygdrive/c/hdf5/include  conftest.c  -L/cygdrive/c/hdf5/lib -lhdf5 -lz -lm >&5
conftest.c: In function 'main':
conftest.c:23:9: warning: unused variable 'id' [-Wunused-variable]
   hid_t id = H5Tcreate(H5T_COMPOUND, 8);
         ^
configure:4407: $? = 0
configure:4407: ./conftest.exe
configure:4407: $? = 0
configure:4408: result: ok
configure:4468: checking lua.h usability
configure:4468: /cygdrive/c/hdf5/bin/h5cc -c -g -O2 -Wall -Werror-implicit-function-declaration -Wstrict-prototypes -Wmissing-prototypes -Wmissing-declarations  -I/usr/local/include conftest.c >&5
configure:4468: $? = 0
configure:4468: result: yes
configure:4468: checking lua.h presence
configure:4468: /cygdrive/c/hdf5/bin/h5cc -E  -I/usr/local/include conftest.c
configure:4468: $? = 0
configure:4468: result: yes
configure:4468: checking for lua.h
configure:4468: result: yes
configure:4482: checking for Lua 5 libraries
configure:4501: /cygdrive/c/hdf5/bin/h5cc -o conftest.exe -g -O2 -Wall -Werror-implicit-function-declaration -Wstrict-prototypes -Wmissing-prototypes -Wmissing-declarations  -I/usr/local/include  conftest.c  -L/usr/local/lib -llua -lm >&5
configure:4501: $? = 0
configure:4501: ./conftest.exe
configure:4501: $? = 0
configure:4502: result: ok
configure:4742: creating ./config.status

## ---------------- ##
## Cache variables. ##
## ---------------- ##

ac_cv_c_compiler_gnu=yes
ac_cv_c_const=yes
ac_cv_c_inline=inline
ac_cv_env_CC_set=set
ac_cv_env_CC_value=/cygdrive/c/hdf5/bin/h5cc
ac_cv_env_CFLAGS_set=
ac_cv_env_CFLAGS_value=
ac_cv_env_CPPFLAGS_set=
ac_cv_env_CPPFLAGS_value=
ac_cv_env_CPP_set=
ac_cv_env_CPP_value=
ac_cv_env_LDFLAGS_set=
ac_cv_env_LDFLAGS_value=
ac_cv_env_LIBS_set=
ac_cv_env_LIBS_value=
ac_cv_env_build_alias_set=
ac_cv_env_build_alias_value=
ac_cv_env_host_alias_set=
ac_cv_env_host_alias_value=
ac_cv_env_target_alias_set=
ac_cv_env_target_alias_value=
ac_cv_exeext=.exe
ac_cv_header_hdf5_h=yes
ac_cv_header_inttypes_h=yes
ac_cv_header_lua_h=yes
ac_cv_header_memory_h=yes
ac_cv_header_stdc=yes
ac_cv_header_stdint_h=yes
ac_cv_header_stdlib_h=yes
ac_cv_header_string_h=yes
ac_cv_header_strings_h=yes
ac_cv_header_sys_stat_h=yes
ac_cv_header_sys_types_h=yes
ac_cv_header_unistd_h=yes
ac_cv_objext=o
ac_cv_path_EGREP='/usr/bin/grep -E'
ac_cv_path_GREP=/usr/bin/grep
ac_cv_path_install='/usr/bin/install -c'
ac_cv_path_mkdir=/usr/bin/mkdir
ac_cv_prog_AWK=gawk
ac_cv_prog_CPP='/cygdrive/c/hdf5/bin/h5cc -E'
ac_cv_prog_ac_ct_CC=/cygdrive/c/hdf5/bin/h5cc
ac_cv_prog_ac_ct_RANLIB=ranlib
ac_cv_prog_cc_c89=
ac_cv_prog_cc_g=yes
ac_cv_prog_make_make_set=yes
am_cv_CC_dependencies_compiler_type=gcc3

## ----------------- ##
## Output variables. ##
## ----------------- ##

ACLOCAL='aclocal-1.10'
AMDEPBACKSLASH='\'
AMDEP_FALSE='#'
AMDEP_TRUE=''
AMTAR='tar'
AUTOCONF='autoconf'
AUTOHEADER='autoheader'
AUTOMAKE='automake-1.10'
AWK='gawk'
CC='/cygdrive/c/hdf5/bin/h5cc'
CCDEPMODE='depmode=gcc3'
CFLAGS='-g -O2 -Wall -Werror-implicit-function-declaration -Wstrict-prototypes -Wmissing-prototypes -Wmissing-declarations'
CPP='/cygdrive/c/hdf5/bin/h5cc -E'
CPPFLAGS=''
CYGPATH_W='cygpath -w'
DEFS='-DHAVE_CONFIG_H'
DEPDIR='.deps'
ECHO_C=''
ECHO_N='-n'
ECHO_T=''
EGREP='/usr/bin/grep -E'
EXEEXT='.exe'
GREP='/usr/bin/grep'
HDF5_CFLAGS='-I/cygdrive/c/hdf5/include'
HDF5_LIBS='-L/cygdrive/c/hdf5/lib -lhdf5 -lz -lm'
INSTALL_DATA='${INSTALL} -m 644'
INSTALL_PROGRAM='${INSTALL}'
INSTALL_SCRIPT='${INSTALL}'
INSTALL_STRIP_PROGRAM='$(install_sh) -c -s'
LB_ENABLE_MPI_FALSE=''
LB_ENABLE_MPI_TRUE='#'
LB_ENABLE_RGB_FALSE=''
LB_ENABLE_RGB_TRUE='#'
LDFLAGS=''
LIBOBJS=''
LIBS=''
LTLIBOBJS=''
LUA5_CFLAGS='-I/usr/local/include'
LUA5_LIBS='-L/usr/local/lib -llua -lm'
MAINT='#'
MAINTAINER_MODE_FALSE=''
MAINTAINER_MODE_TRUE='#'
MAKEINFO='makeinfo'
MKDIR_P='/usr/bin/mkdir -p'
OBJEXT='o'
PACKAGE='lualb'
PACKAGE_BUGREPORT='admin@x-coder.mobi'
PACKAGE_NAME='lualb'
PACKAGE_STRING='lualb 0.1.1'
PACKAGE_TARNAME='lualb'
PACKAGE_URL=''
PACKAGE_VERSION='0.1.1'
PATH_SEPARATOR=':'
PNG_LIBS=''
RANLIB='ranlib'
SET_MAKE=''
SHELL='/bin/sh'
STRIP=''
VERSION='0.1.1'
ac_ct_CC='/cygdrive/c/hdf5/bin/h5cc'
am__fastdepCC_FALSE='#'
am__fastdepCC_TRUE=''
am__include='include'
am__isrc=''
am__leading_dot='.'
am__quote=''
am__tar='${AMTAR} chof - "$$tardir"'
am__untar='${AMTAR} xf -'
bindir='${exec_prefix}/bin'
build_alias=''
datadir='${datarootdir}'
datarootdir='${prefix}/share'
docdir='${datarootdir}/doc/${PACKAGE_TARNAME}'
dvidir='${docdir}'
exec_prefix='${prefix}'
host_alias=''
htmldir='${docdir}'
includedir='${prefix}/include'
infodir='${datarootdir}/info'
install_sh='$(SHELL) /home/Sederhana Gulo/projects/LuaLB/install-sh'
libdir='${exec_prefix}/lib'
libexecdir='${exec_prefix}/libexec'
localedir='${datarootdir}/locale'
localstatedir='${prefix}/var'
mandir='${datarootdir}/man'
mkdir_p='/usr/bin/mkdir -p'
oldincludedir='/usr/include'
pdfdir='${docdir}'
prefix='/cygdrive/c/lualb'
program_transform_name='s,x,x,'
psdir='${docdir}'
sbindir='${exec_prefix}/sbin'
sharedstatedir='${prefix}/com'
sysconfdir='${prefix}/etc'
target_alias=''

## ----------- ##
## confdefs.h. ##
## ----------- ##

/* confdefs.h */
#define PACKAGE_NAME "lualb"
#define PACKAGE_TARNAME "lualb"
#define PACKAGE_VERSION "0.1.1"
#define PACKAGE_STRING "lualb 0.1.1"
#define PACKAGE_BUGREPORT "admin@x-coder.mobi"
#define PACKAGE_URL ""
#define PACKAGE "lualb"
#define VERSION "0.1.1"
#define STDC_HEADERS 1
#define HAVE_SYS_TYPES_H 1
#define HAVE_SYS_STAT_H 1
#define HAVE_STDLIB_H 1
#define HAVE_STRING_H 1
#define HAVE_MEMORY_H 1
#define HAVE_STRINGS_H 1
#define HAVE_INTTYPES_H 1
#define HAVE_STDINT_H 1
#define HAVE_UNISTD_H 1

configure: exit 0

## ---------------------- ##
## Running config.status. ##
## ---------------------- ##

This file was extended by lualb config.status 0.1.1, which was
generated by GNU Autoconf 2.69.  Invocation command line was

  CONFIG_FILES    = 
  CONFIG_HEADERS  = 
  CONFIG_LINKS    = 
  CONFIG_COMMANDS = 
  $ ./config.status 

on SGULO_ST

config.status:868: creating Makefile
config.status:868: creating doc/Makefile
config.status:868: creating examples/Makefile
config.status:868: creating test/Makefile
config.status:868: creating src/Makefile
config.status:868: creating src/core/Makefile
config.status:868: creating src/graphics/Makefile
config.status:868: creating src/BGK/Makefile
config.status:868: creating src/Mix/Makefile
config.status:868: creating src/Landau/Makefile
config.status:868: creating src/lua/Makefile
config.status:868: creating config.h
config.status:1049: config.h is unchanged
config.status:1097: executing depfiles commands
