This file contains any messages produced by compilers while
running configure, to aid debugging if configure makes a mistake.

It was created by lualb configure 0.1-alpha1, which was
generated by GNU Autoconf 2.61.  Invocation command line was

  $ ./configure --with-hdf5=/cygdrive/c/hdf5 --with-lua5=/home/Sederhana Gulo/projects/lua/lua-5.3.1/install

## --------- ##
## Platform. ##
## --------- ##

hostname = SGULO_ST
uname -m = i686
uname -r = 2.1.0(0.287/5/3)
uname -s = CYGWIN_NT-6.1
uname -v = 2015-07-14 21:26

/usr/bin/uname -p = unknown
/bin/uname -X     = unknown

/bin/arch              = i686
/usr/bin/arch -k       = unknown
/usr/convex/getsysinfo = unknown
/usr/bin/hostinfo      = unknown
/bin/machine           = unknown
/usr/bin/oslevel       = unknown
/bin/universe          = unknown

PATH: /cygdrive/c/hdf5/bin
PATH: /usr/local/bin
PATH: /usr/bin
PATH: /cygdrive/c/ProgramData/Oracle/Java/javapath
PATH: /cygdrive/c/Program Files/Java/jdk1.8.0_45/bin
PATH: /cygdrive/c/Windows/system32
PATH: /cygdrive/c/Windows
PATH: /cygdrive/c/Windows/System32/Wbem
PATH: /cygdrive/c/Windows/System32/WindowsPowerShell/v1.0
PATH: /usr/bin
PATH: /cygdrive/c/apache-ant-1.9.6/bin
PATH: /cygdrive/c/Python27
PATH: /home/Sederhana Gulo/projects/cocos2dx/tools/cocos2d-console/bin


## ----------- ##
## Core tests. ##
## ----------- ##

configure:1802: checking for a BSD-compatible install
configure:1858: result: /usr/bin/install -c
configure:1869: checking whether build environment is sane
configure:1912: result: yes
configure:1936: WARNING: `missing' script is too old or missing
configure:1940: checking for a thread-safe mkdir -p
configure:1979: result: /usr/bin/mkdir -p
configure:1992: checking for gawk
configure:2008: found /usr/bin/gawk
configure:2019: result: gawk
configure:2030: checking whether make sets $(MAKE)
configure:2051: result: yes
configure:2239: checking whether to enable maintainer-specific portions of Makefiles
configure:2248: result: no
configure:2310: checking for gcc
configure:2326: found /usr/bin/gcc
configure:2337: result: gcc
configure:2575: checking for C compiler version
configure:2582: gcc --version >&5
gcc (GCC) 4.9.3
Copyright (C) 2015 Free Software Foundation, Inc.
This is free software; see the source for copying conditions.  There is NO
warranty; not even for MERCHANTABILITY or FITNESS FOR A PARTICULAR PURPOSE.

configure:2585: $? = 0
configure:2592: gcc -v >&5
Using built-in specs.
COLLECT_GCC=gcc
COLLECT_LTO_WRAPPER=/usr/lib/gcc/i686-pc-cygwin/4.9.3/lto-wrapper.exe
Target: i686-pc-cygwin
Configured with: /cygdrive/i/szsz/tmpp/gcc/gcc-4.9.3-1.i686/src/gcc-4.9.3/configure --srcdir=/cygdrive/i/szsz/tmpp/gcc/gcc-4.9.3-1.i686/src/gcc-4.9.3 --prefix=/usr --exec-prefix=/usr --localstatedir=/var --sysconfdir=/etc --docdir=/usr/share/doc/gcc --htmldir=/usr/share/doc/gcc/html -C --build=i686-pc-cygwin --host=i686-pc-cygwin --target=i686-pc-cygwin --without-libiconv-prefix --without-libintl-prefix --libexecdir=/usr/lib --enable-shared --enable-shared-libgcc --enable-static --enable-version-specific-runtime-libs --enable-bootstrap --enable-__cxa_atexit --with-dwarf2 --with-arch=i686 --with-tune=generic --disable-sjlj-exceptions --enable-languages=ada,c,c++,fortran,java,lto,objc,obj-c++ --enable-graphite --enable-threads=posix --enable-libatomic --enable-libgomp --disable-libitm --enable-libquadmath --enable-libquadmath-support --enable-libssp --enable-libada --enable-libjava --enable-libgcj-sublibs --disable-java-awt --disable-symvers --with-ecj-jar=/usr/share/java/ecj.jar --with-gnu-ld --with-gnu-as --with-cloog-include=/usr/include/cloog-isl --without-libiconv-prefix --without-libintl-prefix --with-system-zlib --enable-linker-build-id
Thread model: posix
gcc version 4.9.3 (GCC) 
configure:2595: $? = 0
configure:2602: gcc -V >&5
gcc: error: unrecognized command line option '-V'
gcc: fatal error: no input files
compilation terminated.
configure:2605: $? = 1
configure:2628: checking for C compiler default output file name
configure:2655: gcc    conftest.c  >&5
configure:2658: $? = 0
configure:2696: result: a.exe
configure:2713: checking whether the C compiler works
configure:2723: ./a.exe
configure:2726: $? = 0
configure:2743: result: yes
configure:2750: checking whether we are cross compiling
configure:2752: result: no
configure:2755: checking for suffix of executables
configure:2762: gcc -o conftest.exe    conftest.c  >&5
configure:2765: $? = 0
configure:2789: result: .exe
configure:2795: checking for suffix of object files
configure:2821: gcc -c   conftest.c >&5
configure:2824: $? = 0
configure:2847: result: o
configure:2851: checking whether we are using the GNU C compiler
configure:2880: gcc -c   conftest.c >&5
configure:2886: $? = 0
configure:2903: result: yes
configure:2908: checking whether gcc accepts -g
configure:2938: gcc -c -g  conftest.c >&5
configure:2944: $? = 0
configure:3043: result: yes
configure:3060: checking for gcc option to accept ISO C89
configure:3134: gcc  -c -g -O2  conftest.c >&5
configure:3140: $? = 0
configure:3163: result: none needed
configure:3192: checking for style of include used by make
configure:3220: result: GNU
configure:3245: checking dependency style of gcc
configure:3336: result: gcc3
configure:3366: checking for a BSD-compatible install
configure:3422: result: /usr/bin/install -c
configure:3433: checking whether make sets $(MAKE)
configure:3454: result: yes
configure:3506: checking for ranlib
configure:3522: found /usr/bin/ranlib
configure:3533: result: ranlib
configure:3590: checking how to run the C preprocessor
configure:3630: gcc -E  conftest.c
configure:3636: $? = 0
configure:3667: gcc -E  conftest.c
conftest.c:10:28: fatal error: ac_nonexistent.h: No such file or directory
 #include <ac_nonexistent.h>
                            ^
compilation terminated.
configure:3673: $? = 1
configure: failed program was:
| /* confdefs.h.  */
| #define PACKAGE_NAME "lualb"
| #define PACKAGE_TARNAME "lualb"
| #define PACKAGE_VERSION "0.1-alpha1"
| #define PACKAGE_STRING "lualb 0.1-alpha1"
| #define PACKAGE_BUGREPORT "ngamsaad.waipot@gmail.com"
| #define PACKAGE "lualb"
| #define VERSION "0.1-alpha1"
| /* end confdefs.h.  */
| #include <ac_nonexistent.h>
configure:3706: result: gcc -E
configure:3735: gcc -E  conftest.c
configure:3741: $? = 0
configure:3772: gcc -E  conftest.c
conftest.c:10:28: fatal error: ac_nonexistent.h: No such file or directory
 #include <ac_nonexistent.h>
                            ^
compilation terminated.
configure:3778: $? = 1
configure: failed program was:
| /* confdefs.h.  */
| #define PACKAGE_NAME "lualb"
| #define PACKAGE_TARNAME "lualb"
| #define PACKAGE_VERSION "0.1-alpha1"
| #define PACKAGE_STRING "lualb 0.1-alpha1"
| #define PACKAGE_BUGREPORT "ngamsaad.waipot@gmail.com"
| #define PACKAGE "lualb"
| #define VERSION "0.1-alpha1"
| /* end confdefs.h.  */
| #include <ac_nonexistent.h>
configure:3816: checking for grep that handles long lines and -e
configure:3890: result: /usr/bin/grep
configure:3895: checking for egrep
configure:3973: result: /usr/bin/grep -E
configure:3978: checking for ANSI C header files
configure:4008: gcc -c -g -O2 -Wall -Werror-implicit-function-declaration -Wstrict-prototypes -Wmissing-prototypes -Wmissing-declarations  conftest.c >&5
conftest.c:16:1: warning: function declaration isn't a prototype [-Wstrict-prototypes]
 main ()
 ^
configure:4014: $? = 0
configure:4113: gcc -o conftest.exe -g -O2 -Wall -Werror-implicit-function-declaration -Wstrict-prototypes -Wmissing-prototypes -Wmissing-declarations   conftest.c  >&5
conftest.c:22:1: warning: function declaration isn't a prototype [-Wstrict-prototypes]
 main ()
 ^
configure:4116: $? = 0
configure:4122: ./conftest.exe
configure:4125: $? = 0
configure:4142: result: yes
configure:4153: checking for an ANSI C-conforming const
configure:4228: gcc -c -g -O2 -Wall -Werror-implicit-function-declaration -Wstrict-prototypes -Wmissing-prototypes -Wmissing-declarations  conftest.c >&5
conftest.c:13:1: warning: function declaration isn't a prototype [-Wstrict-prototypes]
 main ()
 ^
conftest.c: In function 'main':
conftest.c:40:7: warning: 't' is used uninitialized in this function [-Wuninitialized]
     *t++ = 0;
       ^
conftest.c:62:13: warning: 'cs[0]' is used uninitialized in this function [-Wuninitialized]
   return !cs[0] && !zero.x;
             ^
configure:4234: $? = 0
configure:4249: result: yes
configure:4259: checking for inline
configure:4285: gcc -c -g -O2 -Wall -Werror-implicit-function-declaration -Wstrict-prototypes -Wmissing-prototypes -Wmissing-declarations  conftest.c >&5
conftest.c:13:21: warning: function declaration isn't a prototype [-Wstrict-prototypes]
 static inline foo_t static_foo () {return 0; }
                     ^
conftest.c:14:14: warning: function declaration isn't a prototype [-Wstrict-prototypes]
 inline foo_t foo () {return 0; }
              ^
configure:4291: $? = 0
configure:4309: result: inline
configure:4486: checking for sys/types.h
configure:4507: gcc -c -g -O2 -Wall -Werror-implicit-function-declaration -Wstrict-prototypes -Wmissing-prototypes -Wmissing-declarations  -I/cygdrive/c/hdf5/include conftest.c >&5
configure:4513: $? = 0
configure:4529: result: yes
configure:4486: checking for sys/stat.h
configure:4507: gcc -c -g -O2 -Wall -Werror-implicit-function-declaration -Wstrict-prototypes -Wmissing-prototypes -Wmissing-declarations  -I/cygdrive/c/hdf5/include conftest.c >&5
configure:4513: $? = 0
configure:4529: result: yes
configure:4486: checking for stdlib.h
configure:4507: gcc -c -g -O2 -Wall -Werror-implicit-function-declaration -Wstrict-prototypes -Wmissing-prototypes -Wmissing-declarations  -I/cygdrive/c/hdf5/include conftest.c >&5
configure:4513: $? = 0
configure:4529: result: yes
configure:4486: checking for string.h
configure:4507: gcc -c -g -O2 -Wall -Werror-implicit-function-declaration -Wstrict-prototypes -Wmissing-prototypes -Wmissing-declarations  -I/cygdrive/c/hdf5/include conftest.c >&5
configure:4513: $? = 0
configure:4529: result: yes
configure:4486: checking for memory.h
configure:4507: gcc -c -g -O2 -Wall -Werror-implicit-function-declaration -Wstrict-prototypes -Wmissing-prototypes -Wmissing-declarations  -I/cygdrive/c/hdf5/include conftest.c >&5
configure:4513: $? = 0
configure:4529: result: yes
configure:4486: checking for strings.h
configure:4507: gcc -c -g -O2 -Wall -Werror-implicit-function-declaration -Wstrict-prototypes -Wmissing-prototypes -Wmissing-declarations  -I/cygdrive/c/hdf5/include conftest.c >&5
configure:4513: $? = 0
configure:4529: result: yes
configure:4486: checking for inttypes.h
configure:4507: gcc -c -g -O2 -Wall -Werror-implicit-function-declaration -Wstrict-prototypes -Wmissing-prototypes -Wmissing-declarations  -I/cygdrive/c/hdf5/include conftest.c >&5
configure:4513: $? = 0
configure:4529: result: yes
configure:4486: checking for stdint.h
configure:4507: gcc -c -g -O2 -Wall -Werror-implicit-function-declaration -Wstrict-prototypes -Wmissing-prototypes -Wmissing-declarations  -I/cygdrive/c/hdf5/include conftest.c >&5
configure:4513: $? = 0
configure:4529: result: yes
configure:4486: checking for unistd.h
configure:4507: gcc -c -g -O2 -Wall -Werror-implicit-function-declaration -Wstrict-prototypes -Wmissing-prototypes -Wmissing-declarations  -I/cygdrive/c/hdf5/include conftest.c >&5
configure:4513: $? = 0
configure:4529: result: yes
configure:4551: checking hdf5.h usability
configure:4568: gcc -c -g -O2 -Wall -Werror-implicit-function-declaration -Wstrict-prototypes -Wmissing-prototypes -Wmissing-declarations  -I/cygdrive/c/hdf5/include conftest.c >&5
configure:4574: $? = 0
configure:4588: result: yes
configure:4592: checking hdf5.h presence
configure:4607: gcc -E  -I/cygdrive/c/hdf5/include conftest.c
configure:4613: $? = 0
configure:4627: result: yes
configure:4660: checking for hdf5.h
configure:4667: result: yes
configure:4689: checking for HDF5 libraries
configure:4716: gcc -o conftest.exe -g -O2 -Wall -Werror-implicit-function-declaration -Wstrict-prototypes -Wmissing-prototypes -Wmissing-declarations  -I/cygdrive/c/hdf5/include  conftest.c  -L/cygdrive/c/hdf5/lib -lhdf5 -lz -lm >&5
conftest.c: In function 'main':
conftest.c:22:9: warning: unused variable 'id' [-Wunused-variable]
   hid_t id = H5Tcreate(H5T_COMPOUND, 8);
         ^
/cygdrive/c/hdf5/lib/libhdf5.a(H5Z.o):H5Z.c:(.text+0x6f4): undefined reference to `SZ_encoder_enabled'
/cygdrive/c/hdf5/lib/libhdf5.a(H5Zszip.o):H5Zszip.c:(.text+0x10a): undefined reference to `SZ_BufftoBuffDecompress'
/cygdrive/c/hdf5/lib/libhdf5.a(H5Zszip.o):H5Zszip.c:(.text+0x1b9): undefined reference to `SZ_BufftoBuffCompress'
collect2: error: ld returned 1 exit status
configure:4719: $? = 1
configure: program exited with status 1
configure: failed program was:
| /* confdefs.h.  */
| #define PACKAGE_NAME "lualb"
| #define PACKAGE_TARNAME "lualb"
| #define PACKAGE_VERSION "0.1-alpha1"
| #define PACKAGE_STRING "lualb 0.1-alpha1"
| #define PACKAGE_BUGREPORT "ngamsaad.waipot@gmail.com"
| #define PACKAGE "lualb"
| #define VERSION "0.1-alpha1"
| #define STDC_HEADERS 1
| #define HAVE_SYS_TYPES_H 1
| #define HAVE_SYS_STAT_H 1
| #define HAVE_STDLIB_H 1
| #define HAVE_STRING_H 1
| #define HAVE_MEMORY_H 1
| #define HAVE_STRINGS_H 1
| #define HAVE_INTTYPES_H 1
| #define HAVE_STDINT_H 1
| #define HAVE_UNISTD_H 1
| /* end confdefs.h.  */
| #include <hdf5.h>
|  	    int main (int argc, char** argv) {
| 		hid_t id = H5Tcreate(H5T_COMPOUND, 8);
| 		return 0;
| 	    }
configure:4738: result: failed
configure:4743: error:
************************************************************
**  failed to run HDF5 test program (check 'config.log')  **
************************************************************

## ---------------- ##
## Cache variables. ##
## ---------------- ##

ac_cv_c_compiler_gnu=yes
ac_cv_c_const=yes
ac_cv_c_inline=inline
ac_cv_env_CC_set=
ac_cv_env_CC_value=
ac_cv_env_CFLAGS_set=
ac_cv_env_CFLAGS_value=
ac_cv_env_CPPFLAGS_set=
ac_cv_env_CPPFLAGS_value=
ac_cv_env_CPP_set=
ac_cv_env_CPP_value=
ac_cv_env_LDFLAGS_set=
ac_cv_env_LDFLAGS_value=
ac_cv_env_LIBS_set=
ac_cv_env_LIBS_value=
ac_cv_env_build_alias_set=
ac_cv_env_build_alias_value=
ac_cv_env_host_alias_set=
ac_cv_env_host_alias_value=
ac_cv_env_target_alias_set=
ac_cv_env_target_alias_value=
ac_cv_exeext=.exe
ac_cv_header_hdf5_h=yes
ac_cv_header_inttypes_h=yes
ac_cv_header_memory_h=yes
ac_cv_header_stdc=yes
ac_cv_header_stdint_h=yes
ac_cv_header_stdlib_h=yes
ac_cv_header_string_h=yes
ac_cv_header_strings_h=yes
ac_cv_header_sys_stat_h=yes
ac_cv_header_sys_types_h=yes
ac_cv_header_unistd_h=yes
ac_cv_objext=o
ac_cv_path_EGREP='/usr/bin/grep -E'
ac_cv_path_GREP=/usr/bin/grep
ac_cv_path_install='/usr/bin/install -c'
ac_cv_path_mkdir=/usr/bin/mkdir
ac_cv_prog_AWK=gawk
ac_cv_prog_CPP='gcc -E'
ac_cv_prog_ac_ct_CC=gcc
ac_cv_prog_ac_ct_RANLIB=ranlib
ac_cv_prog_cc_c89=
ac_cv_prog_cc_g=yes
ac_cv_prog_make_make_set=yes
am_cv_CC_dependencies_compiler_type=gcc3

## ----------------- ##
## Output variables. ##
## ----------------- ##

ACLOCAL='aclocal-1.10'
AMDEPBACKSLASH='\'
AMDEP_FALSE='#'
AMDEP_TRUE=''
AMTAR='tar'
AUTOCONF='autoconf'
AUTOHEADER='autoheader'
AUTOMAKE='automake-1.10'
AWK='gawk'
CC='gcc'
CCDEPMODE='depmode=gcc3'
CFLAGS='-g -O2 -Wall -Werror-implicit-function-declaration -Wstrict-prototypes -Wmissing-prototypes -Wmissing-declarations'
CPP='gcc -E'
CPPFLAGS=' -I/cygdrive/c/hdf5/include'
CYGPATH_W='cygpath -w'
DEFS=''
DEPDIR='.deps'
ECHO_C=''
ECHO_N='-n'
ECHO_T=''
EGREP='/usr/bin/grep -E'
EXEEXT='.exe'
GREP='/usr/bin/grep'
HDF5_CFLAGS='-I/cygdrive/c/hdf5/include'
HDF5_LIBS='-L/cygdrive/c/hdf5/lib -lhdf5 -lz -lm'
INSTALL_DATA='${INSTALL} -m 644'
INSTALL_PROGRAM='${INSTALL}'
INSTALL_SCRIPT='${INSTALL}'
INSTALL_STRIP_PROGRAM='$(install_sh) -c -s'
LB_ENABLE_MPI_FALSE=''
LB_ENABLE_MPI_TRUE='#'
LB_ENABLE_RGB_FALSE=''
LB_ENABLE_RGB_TRUE=''
LDFLAGS=''
LIBOBJS=''
LIBS=' -L/cygdrive/c/hdf5/lib -lhdf5 -lz -lm'
LTLIBOBJS=''
LUA5_CFLAGS=''
LUA5_LIBS=''
MAINT='#'
MAINTAINER_MODE_FALSE=''
MAINTAINER_MODE_TRUE='#'
MAKEINFO='makeinfo'
OBJEXT='o'
PACKAGE='lualb'
PACKAGE_BUGREPORT='ngamsaad.waipot@gmail.com'
PACKAGE_NAME='lualb'
PACKAGE_STRING='lualb 0.1-alpha1'
PACKAGE_TARNAME='lualb'
PACKAGE_VERSION='0.1-alpha1'
PATH_SEPARATOR=':'
PNG_LIBS=''
RANLIB='ranlib'
SET_MAKE=''
SHELL='/bin/sh'
STRIP=''
VERSION='0.1-alpha1'
ac_ct_CC='gcc'
am__fastdepCC_FALSE='#'
am__fastdepCC_TRUE=''
am__include='include'
am__isrc=''
am__leading_dot='.'
am__quote=''
am__tar='${AMTAR} chof - "$$tardir"'
am__untar='${AMTAR} xf -'
bindir='${exec_prefix}/bin'
build_alias=''
datadir='${datarootdir}'
datarootdir='${prefix}/share'
docdir='${datarootdir}/doc/${PACKAGE_TARNAME}'
dvidir='${docdir}'
exec_prefix='NONE'
host_alias=''
htmldir='${docdir}'
includedir='${prefix}/include'
infodir='${datarootdir}/info'
install_sh='$(SHELL) /home/Sederhana Gulo/projects/LuaLB/code-base/lualb/install-sh'
libdir='${exec_prefix}/lib'
libexecdir='${exec_prefix}/libexec'
localedir='${datarootdir}/locale'
localstatedir='${prefix}/var'
mandir='${datarootdir}/man'
mkdir_p='/usr/bin/mkdir -p'
oldincludedir='/usr/include'
pdfdir='${docdir}'
prefix='NONE'
program_transform_name='s,x,x,'
psdir='${docdir}'
sbindir='${exec_prefix}/sbin'
sharedstatedir='${prefix}/com'
sysconfdir='${prefix}/etc'
target_alias=''

## ----------- ##
## confdefs.h. ##
## ----------- ##

#define PACKAGE_NAME "lualb"
#define PACKAGE_TARNAME "lualb"
#define PACKAGE_VERSION "0.1-alpha1"
#define PACKAGE_STRING "lualb 0.1-alpha1"
#define PACKAGE_BUGREPORT "ngamsaad.waipot@gmail.com"
#define PACKAGE "lualb"
#define VERSION "0.1-alpha1"
#define STDC_HEADERS 1
#define HAVE_SYS_TYPES_H 1
#define HAVE_SYS_STAT_H 1
#define HAVE_STDLIB_H 1
#define HAVE_STRING_H 1
#define HAVE_MEMORY_H 1
#define HAVE_STRINGS_H 1
#define HAVE_INTTYPES_H 1
#define HAVE_STDINT_H 1
#define HAVE_UNISTD_H 1

configure: exit 1
